<?xml version="1.0" encoding="UTF-8"?>
<testng-results ignored="0" total="3" passed="2" failed="1" skipped="0">
  <reporter-output>
  </reporter-output>
  <suite started-at="2023-07-21T15:30:52 IST" name="Suite" finished-at="2023-07-21T15:31:01 IST" duration-ms="8783">
    <groups>
    </groups>
    <test started-at="2023-07-21T15:30:52 IST" name="Test" finished-at="2023-07-21T15:31:01 IST" duration-ms="8783">
      <class name="demomavenjenkin.FirstSampleTest">
        <test-method is-config="true" signature="setup()[pri:0, instance:demomavenjenkin.FirstSampleTest@7393222f]" started-at="2023-07-21T15:30:52 IST" name="setup" finished-at="2023-07-21T15:31:01 IST" duration-ms="8381" status="PASS">
          <reporter-output>
          </reporter-output>
        </test-method> <!-- setup -->
        <test-method signature="testcase1()[pri:0, instance:demomavenjenkin.FirstSampleTest@7393222f]" started-at="2023-07-21T15:31:01 IST" name="testcase1" finished-at="2023-07-21T15:31:01 IST" duration-ms="40" status="PASS">
          <reporter-output>
          </reporter-output>
        </test-method> <!-- testcase1 -->
        <test-method signature="testcase2()[pri:0, instance:demomavenjenkin.FirstSampleTest@7393222f]" started-at="2023-07-21T15:31:01 IST" name="testcase2" finished-at="2023-07-21T15:31:01 IST" duration-ms="8" status="PASS">
          <reporter-output>
          </reporter-output>
        </test-method> <!-- testcase2 -->
        <test-method signature="testcase3()[pri:0, instance:demomavenjenkin.FirstSampleTest@7393222f]" started-at="2023-07-21T15:31:01 IST" name="testcase3" finished-at="2023-07-21T15:31:01 IST" duration-ms="29" status="FAIL">
          <exception class="java.lang.AssertionError">
            <message>
              <![CDATA[expected [Al Ramz Corporation PJSC - WE LIVE BY OUR WORD] but found [Home | Al Ramz - Al Ramz Corporation PJSC - WE LIVE BY OUR WORD]]]>
            </message>
            <full-stacktrace>
              <![CDATA[java.lang.AssertionError: expected [Al Ramz Corporation PJSC - WE LIVE BY OUR WORD] but found [Home | Al Ramz - Al Ramz Corporation PJSC - WE LIVE BY OUR WORD]
at org.testng.Assert.fail(Assert.java:111)
at org.testng.Assert.failNotEquals(Assert.java:1578)
at org.testng.Assert.assertEqualsImpl(Assert.java:150)
at org.testng.Assert.assertEquals(Assert.java:132)
at org.testng.Assert.assertEquals(Assert.java:656)
at org.testng.Assert.assertEquals(Assert.java:666)
at demomavenjenkin.FirstSampleTest.testcase3(FirstSampleTest.java:67)
at java.base/jdk.internal.reflect.NativeMethodAccessorImpl.invoke0(Native Method)
at java.base/jdk.internal.reflect.NativeMethodAccessorImpl.invoke(NativeMethodAccessorImpl.java:77)
at java.base/jdk.internal.reflect.DelegatingMethodAccessorImpl.invoke(DelegatingMethodAccessorImpl.java:43)
at java.base/java.lang.reflect.Method.invoke(Method.java:568)
at org.testng.internal.invokers.MethodInvocationHelper.invokeMethod(MethodInvocationHelper.java:139)
at org.testng.internal.invokers.TestInvoker.invokeMethod(TestInvoker.java:664)
at org.testng.internal.invokers.TestInvoker.invokeTestMethod(TestInvoker.java:227)
at org.testng.internal.invokers.MethodRunner.runInSequence(MethodRunner.java:50)
at org.testng.internal.invokers.TestInvoker$MethodInvocationAgent.invoke(TestInvoker.java:957)
at org.testng.internal.invokers.TestInvoker.invokeTestMethods(TestInvoker.java:200)
at org.testng.internal.invokers.TestMethodWorker.invokeTestMethods(TestMethodWorker.java:148)
at org.testng.internal.invokers.TestMethodWorker.run(TestMethodWorker.java:128)
at java.base/java.util.ArrayList.forEach(ArrayList.java:1511)
at org.testng.TestRunner.privateRun(TestRunner.java:848)
at org.testng.TestRunner.run(TestRunner.java:621)
at org.testng.SuiteRunner.runTest(SuiteRunner.java:443)
at org.testng.SuiteRunner.runSequentially(SuiteRunner.java:437)
at org.testng.SuiteRunner.privateRun(SuiteRunner.java:397)
at org.testng.SuiteRunner.run(SuiteRunner.java:336)
at org.testng.SuiteRunnerWorker.runSuite(SuiteRunnerWorker.java:52)
at org.testng.SuiteRunnerWorker.run(SuiteRunnerWorker.java:95)
at org.testng.TestNG.runSuitesSequentially(TestNG.java:1280)
at org.testng.TestNG.runSuitesLocally(TestNG.java:1200)
at org.testng.TestNG.runSuites(TestNG.java:1114)
at org.testng.TestNG.run(TestNG.java:1082)
at org.testng.remote.AbstractRemoteTestNG.run(AbstractRemoteTestNG.java:115)
at org.testng.remote.RemoteTestNG.initAndRun(RemoteTestNG.java:251)
at org.testng.remote.RemoteTestNG.main(RemoteTestNG.java:77)
]]>
            </full-stacktrace>
          </exception> <!-- java.lang.AssertionError -->
          <reporter-output>
          </reporter-output>
        </test-method> <!-- testcase3 -->
        <test-method is-config="true" signature="CloseBrowser()[pri:0, instance:demomavenjenkin.FirstSampleTest@7393222f]" started-at="2023-07-21T15:31:01 IST" name="CloseBrowser" finished-at="2023-07-21T15:31:01 IST" duration-ms="209" status="PASS">
          <reporter-output>
          </reporter-output>
        </test-method> <!-- CloseBrowser -->
      </class> <!-- demomavenjenkin.FirstSampleTest -->
    </test> <!-- Test -->
  </suite> <!-- Suite -->
</testng-results>
